


ARM Macro Assembler    Page 1 


    1 00000000                 AREA             Problem3, CODE, READONLY
    2 00000000                 ENTRY
    3 00000000         
    4 00000000         start
    5 00000000 E59FD094        LDR              sp, sAddress
    6 00000004 E59FB094        LDR              r11, Address1
    7 00000008         
    8 00000008 E3A0000A        MOV              r0, #10
    9 0000000C E3A0100B        MOV              r1, #11
   10 00000010 E3A0200C        MOV              r2, #12
   11 00000014 E3A0300D        MOV              r3, #13
   12 00000018 E3A0400E        MOV              r4, #14
   13 0000001C E3A0500F        MOV              r5, #15
   14 00000020 E3A06010        MOV              r6, #16
   15 00000024 E3A07011        MOV              r7, #17
   16 00000028         
   17 00000028 E1A0A004        MOV              r10, r4     ; r4°ª ÀúÀå
   18 0000002C         
   19 0000002C E92D00FF        STMFD            sp!, {r0-r7} ; ³·Àº ·¹Áö½ºÅÍ°¡ 
                                                            ³·Àº ÁÖ¼Ò·Î °£´Ù. s
                                                            p´Â 7*4 ¸¸Å­ °¨¼Ò.
   20 00000030 EB000004        BL               doRegister  ; LR¿¡ BL´ÙÀ½¿¡ ½ÇÇ
                                                            àµÉ ¸í·É¾îÀÇ ÁÖ¼Ò À
                                                            úÀå
   21 00000034 E3A090A0        MOV              r9 , #160   ; doGCD¿¡ Àü´ÞÇÒ 16
                                                            0À» r9¿¡ ÀúÀå
   22 00000038 EB000012        BL               doGCD
   23 0000003C E088800A        ADD              r8, r8, r10 ; ÃÖ´ë°ø¾à¼ö¿Í º¯°æ
                                                            µÇ±â Àü r4¸¦ ´õÇÔ.
   24 00000040 E58B8000        STR              r8, [r11]   ; ¸Þ¸ð¸®¿¡ ÀúÀå
   25 00000044         
   26 00000044 E3A0F000        MOV              pc,#0       ;³¡
   27 00000048         
   28 00000048         doRegister
   29 00000048         ; ¹®Á¦ 2¿Í °°ÀÌ registerµéÀÇ °ª copy
   30 00000048 E8BD0002        LDMFD            sp!, {r1}
   31 0000004C E8BD0040        LDMFD            sp!, {r6}
   32 00000050 E8BD0001        LDMFD            sp!, {r0}
   33 00000054 E8BD0004        LDMFD            sp!, {r2}
   34 00000058 E8BD0080        LDMFD            sp!, {r7}
   35 0000005C E8BD0038        LDMFD            sp!, {r3-r5}
   36 00000060         ; °¢ registerÀÇ °ª°ú registerÀÇ index¸¦ ´õÇÑ ÈÄ, r0-r7ÀÇ
                        °ª return
   37 00000060         ;STMFD sp!, {r4} ; r4°ª ÀúÀå
   38 00000060         
   39 00000060 E0888000        ADD              r8, r8, r0
   40 00000064 E0888001        ADD              r8, r8, r1
   41 00000068 E0888002        ADD              r8, r8, r2
   42 0000006C E0888003        ADD              r8, r8, r3
   43 00000070 E0888004        ADD              r8, r8, r4
   44 00000074 E0888005        ADD              r8, r8, r5
   45 00000078 E0888006        ADD              r8, r8, r6
   46 0000007C E0888007        ADD              r8, r8, r7
   47 00000080 E288801C        ADD              r8, r8,#28
   48 00000084         
   49 00000084 E1A0F00E        MOV              pc, lr      ; doRegister¸¦ È£Ãâ
                                                            ÇÑ ¸í·É¾îÀÇ ´ÙÀ½ ¸í
                                                            ·É¾î¸¦ pc¿¡ ³ÖÀ½.
   50 00000088         



ARM Macro Assembler    Page 2 


   51 00000088         doGCD
   52 00000088         ;sum(r8)°ú ÃÖ´ë °ø¾à¼ö ±¸ÇÏ±â
   53 00000088 E1580009        CMP              r8, r9
   54 0000008C C0488009        SUBGT            r8,r8,r9    ;r8ÀÌ Å©¸é r8= r8-r
                                                            9
   55 00000090 B0499008        SUBLT            r9, r9, r8  ; r9°¡ Å©¸é r9=r9-r
                                                            8
   56 00000094 1AFFFFFB        BNE              doGCD
   57 00000098 E1A0F00E        MOV              pc , lr
   58 0000009C         
   59 0000009C 00003000 
                       sAddress
                               DCD              &00003000
   60 000000A0 00004000 
                       Address1
                               DCD              &00004000
   61 000000A4         
   62 000000A4                 END
Command Line: --debug --xref --diag_suppress=9931 --cpu=ARM9E --apcs=interwork 
--depend=.\objects\problem.d -o.\objects\problem.o -IC:\Keil_v5\ARM\RV31\INC -I
C:\Keil_v5\ARM\CMSIS\Include --predefine="__EVAL SETA 1" --predefine="__UVISION
_VERSION SETA 521" --list=.\listings\problem.lst problem.s



ARM Macro Assembler    Page 1 Alphabetic symbol ordering
Relocatable symbols

Address1 000000A0

Symbol: Address1
   Definitions
      At line 60 in file problem.s
   Uses
      At line 6 in file problem.s
Comment: Address1 used once
Problem3 00000000

Symbol: Problem3
   Definitions
      At line 1 in file problem.s
   Uses
      None
Comment: Problem3 unused
doGCD 00000088

Symbol: doGCD
   Definitions
      At line 51 in file problem.s
   Uses
      At line 22 in file problem.s
      At line 56 in file problem.s

doRegister 00000048

Symbol: doRegister
   Definitions
      At line 28 in file problem.s
   Uses
      At line 20 in file problem.s
Comment: doRegister used once
sAddress 0000009C

Symbol: sAddress
   Definitions
      At line 59 in file problem.s
   Uses
      At line 5 in file problem.s
Comment: sAddress used once
start 00000000

Symbol: start
   Definitions
      At line 4 in file problem.s
   Uses
      None
Comment: start unused
6 symbols
338 symbols in table
