


ARM Macro Assembler    Page 1 


    1 00000000                 AREA             ARMex, CODE, READONLY
    2 00000000                 ENTRY
    3 00000000         
    4 00000000         Main
    5 00000000 E59F0038        LDR              r0, Address1
    6 00000004 E3A01001        MOV              r1, #1
    7 00000008         
    8 00000008         ;r1 = 1 X 2
    9 00000008 E0811001        ADD              r1, r1, r1
   10 0000000C         
   11 0000000C         ; r1 = r1 X 3
   12 0000000C E0811081        ADD              r1, r1, r1, LSL #1
   13 00000010         
   14 00000010         ;r1 = r1 X 4
   15 00000010 E1A01101        MOV              r1, r1, LSL #2
   16 00000014         
   17 00000014         ;r1 = r1 X 5
   18 00000014 E0811101        ADD              r1, r1, r1, LSL #2
   19 00000018         
   20 00000018         ; r1 = r1 X 6
   21 00000018 E1A02001        MOV              r2, r1      ; r2에 r1값 저장
   22 0000001C E0811101        ADD              r1, r1, LSL #2 ; r1= r1+ r1*4 =
                                                             r1*5
   23 00000020 E0811002        ADD              r1, r2      ; r1 + (r1*5) = r1*
                                                            6
   24 00000024         
   25 00000024         ; r1 = r1 X 7
   26 00000024 E0611181        RSB              r1, r1, r1, LSL #3
   27 00000028         
   28 00000028         ; r1 = r1 X 8
   29 00000028 E1A01181        MOV              r1, r1 , LSL #3
   30 0000002C         
   31 0000002C         ; r1= r1 X 9
   32 0000002C E0811181        ADD              r1, r1, r1, LSL #3
   33 00000030         
   34 00000030         ; r1= r1 X 10 , 6을 곱할때와 마찬가지 메커니즘
   35 00000030 E1A02001        MOV              r2, r1
   36 00000034 E0811181        ADD              r1, r1, LSL #3
   37 00000038 E0811002        ADD              r1, r2
   38 0000003C         
   39 0000003C E5801000        STR              r1, [r0]
   40 00000040         Endline
   41 00000040         
   42 00000040 00040000 
                       Address1
                               DCD              &00040000
   43 00000044         
   44 00000044                 END
Command Line: --debug --xref --diag_suppress=9931 --cpu=ARM9E --apcs=interwork 
--depend=.\objects\problem.d -o.\objects\problem.o -IC:\Keil_v5\ARM\RV31\INC -I
C:\Keil_v5\ARM\CMSIS\Include --predefine="__EVAL SETA 1" --predefine="__UVISION
_VERSION SETA 521" --list=.\listings\problem.lst problem.s



ARM Macro Assembler    Page 1 Alphabetic symbol ordering
Relocatable symbols

ARMex 00000000

Symbol: ARMex
   Definitions
      At line 1 in file problem.s
   Uses
      None
Comment: ARMex unused
Address1 00000040

Symbol: Address1
   Definitions
      At line 42 in file problem.s
   Uses
      At line 5 in file problem.s
Comment: Address1 used once
Endline 00000040

Symbol: Endline
   Definitions
      At line 40 in file problem.s
   Uses
      None
Comment: Endline unused
Main 00000000

Symbol: Main
   Definitions
      At line 4 in file problem.s
   Uses
      None
Comment: Main unused
4 symbols
336 symbols in table
