


ARM Macro Assembler    Page 1 


    1 00000000                 AREA             Problem2, CODE, READONLY
    2 00000000                 ENTRY
    3 00000000         
    4 00000000         start
    5 00000000 E59FD03C        LDR              sp, sAddress
    6 00000004         
    7 00000004 E3A00000        MOV              r0, #0
    8 00000008 E3A01001        MOV              r1, #1
    9 0000000C E3A02002        MOV              r2, #2
   10 00000010 E3A03003        MOV              r3, #3
   11 00000014 E3A04004        MOV              r4, #4
   12 00000018 E3A05005        MOV              r5, #5
   13 0000001C E3A06006        MOV              r6, #6
   14 00000020 E3A07007        MOV              r7, #7
   15 00000024         
   16 00000024 E92D00FF        STMFD            sp!, {r0-r7} ; 낮은 레지스터가 
                                                            낮은 주소로 간다. s
                                                            p는 7*4 만큼 감소.
   17 00000028         
   18 00000028         
   19 00000028 E8BD0002        LDMFD            sp!, {r1}
   20 0000002C E8BD0040        LDMFD            sp!, {r6}
   21 00000030 E8BD0001        LDMFD            sp!, {r0}
   22 00000034 E8BD0004        LDMFD            sp!, {r2}
   23 00000038 E8BD0080        LDMFD            sp!, {r7}
   24 0000003C E8BD0038        LDMFD            sp!, {r3-r5}
   25 00000040         
   26 00000040 E3A0F000        MOV              pc, #0
   27 00000044         
   28 00000044 00003000 
                       sAddress
                               DCD              &00003000
   29 00000048         
   30 00000048                 END
Command Line: --debug --xref --diag_suppress=9931 --cpu=ARM9E --apcs=interwork 
--depend=.\objects\problem.d -o.\objects\problem.o -IC:\Keil_v5\ARM\RV31\INC -I
C:\Keil_v5\ARM\CMSIS\Include --predefine="__EVAL SETA 1" --predefine="__UVISION
_VERSION SETA 521" --list=.\listings\problem.lst problem.s



ARM Macro Assembler    Page 1 Alphabetic symbol ordering
Relocatable symbols

Problem2 00000000

Symbol: Problem2
   Definitions
      At line 1 in file problem.s
   Uses
      None
Comment: Problem2 unused
sAddress 00000044

Symbol: sAddress
   Definitions
      At line 28 in file problem.s
   Uses
      At line 5 in file problem.s
Comment: sAddress used once
start 00000000

Symbol: start
   Definitions
      At line 4 in file problem.s
   Uses
      None
Comment: start unused
3 symbols
335 symbols in table
