


ARM Macro Assembler    Page 1 


    1 00000000                 AREA             ARMex, CODE, READONLY
    2 00000000                 ENTRY
    3 00000000         
    4 00000000         start
    5 00000000 E59F004C        LDR              r0, Address1
    6 00000004 E3A01001        MOV              r1, #1
    7 00000008 E3A02002        MOV              r2, #2
    8 0000000C         
    9 0000000C E0030291        MUL              r3, r1, r2  ; r3= 1*2
   10 00000010 E2822001        ADD              r2, r2, #1
   11 00000014         
   12 00000014 E0040293        MUL              r4, r3, r2  ; r4= r3*3
   13 00000018 E2822001        ADD              r2, r2, #1
   14 0000001C         
   15 0000001C E0030294        MUL              r3, r4, r2  ; r3= r4*4
   16 00000020 E2822001        ADD              r2, r2, #1
   17 00000024         
   18 00000024 E0040293        MUL              r4, r3, r2  ; r4= r3*5
   19 00000028 E2822001        ADD              r2, r2, #1
   20 0000002C         
   21 0000002C E0030294        MUL              r3, r4, r2  ; r3= r4*6
   22 00000030 E2822001        ADD              r2, r2, #1
   23 00000034         
   24 00000034 E0040293        MUL              r4, r3, r2  ; r4= r3*7
   25 00000038 E2822001        ADD              r2,r2, #1
   26 0000003C         
   27 0000003C E0030294        MUL              r3,r4,r2    ; r3= r4*8
   28 00000040 E2822001        ADD              r2, r2, #1
   29 00000044         
   30 00000044 E0040293        MUL              r4, r3,r2   ;r4=r3*9
   31 00000048 E2822001        ADD              r2, r2, #1
   32 0000004C         
   33 0000004C E0030294        MUL              r3, r4, r2  ; r3 = r4*10
   34 00000050         
   35 00000050 E5803000        STR              r3, [r0]
   36 00000054         
   37 00000054 00040000 
                       Address1
                               &                &00040000
   38 00000058                 END
Command Line: --debug --xref --diag_suppress=9931 --cpu=ARM9E --apcs=interwork 
--depend=.\objects\problem.d -o.\objects\problem.o -IC:\Keil_v5\ARM\RV31\INC -I
C:\Keil_v5\ARM\CMSIS\Include --predefine="__EVAL SETA 1" --predefine="__UVISION
_VERSION SETA 521" --list=.\listings\problem.lst problem.s



ARM Macro Assembler    Page 1 Alphabetic symbol ordering
Relocatable symbols

ARMex 00000000

Symbol: ARMex
   Definitions
      At line 1 in file problem.s
   Uses
      None
Comment: ARMex unused
Address1 00000054

Symbol: Address1
   Definitions
      At line 37 in file problem.s
   Uses
      At line 5 in file problem.s
Comment: Address1 used once
start 00000000

Symbol: start
   Definitions
      At line 4 in file problem.s
   Uses
      None
Comment: start unused
3 symbols
335 symbols in table
